[2023-06-28 10:00:39] [INFO ] [OdontologoController:47] Se logro crear el Odontologo
[2023-06-28 11:06:05] [INFO ] [OdontologoService:45] Se guardo al odontologo
[2023-06-28 11:06:05] [INFO ] [OdontologoService:54] Se encontro al odontologo
[2023-06-28 14:18:40] [INFO ] [PacienteController:42] Le mostraron los pacientes al cliente 
[2023-06-28 14:18:40] [INFO ] [PacienteService:58] Se mostraron los pacientes en local
[2023-06-28 14:18:44] [INFO ] [OdontologoController:42] Le mostraron los odontologos al cliente
[2023-06-28 14:18:44] [INFO ] [OdontologoService:65] Se mostraron los odontologos en local
[2023-06-28 14:19:02] [INFO ] [OdontologoController:42] Le mostraron los odontologos al cliente
[2023-06-28 14:19:02] [INFO ] [OdontologoService:65] Se mostraron los odontologos en local
[2023-06-28 14:19:05] [INFO ] [PacienteController:42] Le mostraron los pacientes al cliente 
[2023-06-28 14:19:05] [INFO ] [PacienteService:58] Se mostraron los pacientes en local
[2023-06-28 14:19:08] [INFO ] [PacienteController:42] Le mostraron los pacientes al cliente 
[2023-06-28 14:19:08] [INFO ] [PacienteService:58] Se mostraron los pacientes en local
[2023-06-28 14:19:12] [INFO ] [OdontologoController:42] Le mostraron los odontologos al cliente
[2023-06-28 14:19:12] [INFO ] [OdontologoService:65] Se mostraron los odontologos en local
[2023-06-28 14:19:22] [INFO ] [OdontologoController:48] Le guardo el odontologo al cliente
[2023-06-28 14:19:22] [INFO ] [OdontologoService:45] Se guardo al odontologo en local
[2023-06-28 14:19:23] [INFO ] [OdontologoController:42] Le mostraron los odontologos al cliente
[2023-06-28 14:19:23] [INFO ] [OdontologoService:65] Se mostraron los odontologos en local
[2023-06-28 14:19:36] [INFO ] [OdontologoController:48] Le guardo el odontologo al cliente
[2023-06-28 14:19:36] [INFO ] [OdontologoService:45] Se guardo al odontologo en local
[2023-06-28 14:19:36] [INFO ] [OdontologoController:42] Le mostraron los odontologos al cliente
[2023-06-28 14:19:36] [INFO ] [OdontologoService:65] Se mostraron los odontologos en local
[2023-06-28 14:19:38] [INFO ] [OdontologoService:88] Se elimino al odontologo en local
[2023-06-28 14:19:38] [INFO ] [OdontologoController:60] Se elimino al Odontologo
[2023-06-28 15:29:02] [INFO ] [PacienteController:42] Le mostraron los pacientes al cliente 
[2023-06-28 15:29:02] [INFO ] [PacienteService:58] Se mostraron los pacientes en local
[2023-06-28 15:29:34] [INFO ] [PacienteController:42] Le mostraron los pacientes al cliente 
[2023-06-28 15:29:34] [INFO ] [PacienteService:58] Se mostraron los pacientes en local
[2023-06-28 15:29:39] [INFO ] [OdontologoController:42] Le mostraron los odontologos al cliente
[2023-06-28 15:29:39] [INFO ] [OdontologoService:65] Se mostraron los odontologos en local
[2023-06-28 15:29:39] [INFO ] [PacienteController:42] Le mostraron los pacientes al cliente 
[2023-06-28 15:29:39] [INFO ] [PacienteService:58] Se mostraron los pacientes en local
[2023-06-28 15:29:40] [INFO ] [PacienteController:42] Le mostraron los pacientes al cliente 
[2023-06-28 15:29:40] [INFO ] [PacienteService:58] Se mostraron los pacientes en local
[2023-06-28 15:29:41] [INFO ] [PacienteController:42] Le mostraron los pacientes al cliente 
[2023-06-28 15:29:41] [INFO ] [PacienteService:58] Se mostraron los pacientes en local
[2023-06-28 15:29:42] [INFO ] [OdontologoController:42] Le mostraron los odontologos al cliente
[2023-06-28 15:29:42] [INFO ] [OdontologoService:65] Se mostraron los odontologos en local
[2023-06-28 15:29:43] [INFO ] [PacienteController:42] Le mostraron los pacientes al cliente 
[2023-06-28 15:29:43] [INFO ] [PacienteService:58] Se mostraron los pacientes en local
[2023-06-28 15:29:45] [INFO ] [PacienteController:42] Le mostraron los pacientes al cliente 
[2023-06-28 15:29:45] [INFO ] [PacienteService:58] Se mostraron los pacientes en local
[2023-06-28 15:29:46] [INFO ] [OdontologoController:42] Le mostraron los odontologos al cliente
[2023-06-28 15:29:46] [INFO ] [OdontologoService:65] Se mostraron los odontologos en local
[2023-06-28 15:29:48] [INFO ] [PacienteController:42] Le mostraron los pacientes al cliente 
[2023-06-28 15:29:48] [INFO ] [PacienteService:58] Se mostraron los pacientes en local
[2023-06-28 15:29:49] [INFO ] [PacienteController:42] Le mostraron los pacientes al cliente 
[2023-06-28 15:29:49] [INFO ] [PacienteService:58] Se mostraron los pacientes en local
[2023-06-28 15:29:50] [INFO ] [OdontologoController:42] Le mostraron los odontologos al cliente
[2023-06-28 15:29:50] [INFO ] [OdontologoService:65] Se mostraron los odontologos en local
[2023-06-28 15:29:51] [INFO ] [PacienteController:42] Le mostraron los pacientes al cliente 
[2023-06-28 15:29:51] [INFO ] [PacienteService:58] Se mostraron los pacientes en local
[2023-06-28 15:30:14] [INFO ] [PacienteController:48] Le guardo el paciente al cliente 
[2023-06-28 15:30:14] [INFO ] [PacienteController:42] Le mostraron los pacientes al cliente 
[2023-06-28 15:30:14] [INFO ] [PacienteService:58] Se mostraron los pacientes en local
[2023-06-28 15:30:14] [INFO ] [PacienteService:41] Se guardo al paciente en local
[2023-06-28 15:34:27] [INFO ] [PacienteController:42] Le mostraron los pacientes al cliente 
[2023-06-28 15:34:27] [INFO ] [PacienteService:58] Se mostraron los pacientes en local
[2023-06-28 15:34:36] [INFO ] [PacienteController:48] Le guardo el paciente al cliente 
[2023-06-28 15:34:36] [INFO ] [PacienteService:41] Se guardo al paciente en local
[2023-06-28 15:34:36] [INFO ] [PacienteController:42] Le mostraron los pacientes al cliente 
[2023-06-28 15:34:36] [INFO ] [PacienteService:58] Se mostraron los pacientes en local
[2023-06-28 15:34:48] [INFO ] [PacienteController:42] Le mostraron los pacientes al cliente 
[2023-06-28 15:34:48] [INFO ] [PacienteService:58] Se mostraron los pacientes en local
[2023-06-28 15:35:12] [INFO ] [PacienteController:48] Le guardo el paciente al cliente 
[2023-06-28 15:35:12] [INFO ] [PacienteService:41] Se guardo al paciente en local
[2023-06-28 15:35:12] [INFO ] [PacienteController:42] Le mostraron los pacientes al cliente 
[2023-06-28 15:35:12] [INFO ] [PacienteService:58] Se mostraron los pacientes en local
[2023-06-28 15:36:18] [INFO ] [PacienteService:47] Se mostro al paciente en local
[2023-06-28 15:36:18] [INFO ] [PacienteController:28] Le mostro el paciente al cliente
[2023-06-28 15:36:44] [INFO ] [PacienteController:53] Le modifico el paciente al cliente
[2023-06-28 15:36:44] [INFO ] [PacienteService:72] Se modifico al paciente en local
[2023-06-28 15:36:45] [INFO ] [PacienteController:42] Le mostraron los pacientes al cliente 
[2023-06-28 15:36:45] [INFO ] [PacienteService:58] Se mostraron los pacientes en local
[2023-06-28 15:43:56] [INFO ] [PacienteController:42] Le mostraron los pacientes al cliente 
[2023-06-28 15:43:56] [INFO ] [PacienteService:58] Se mostraron los pacientes en local
[2023-06-28 15:44:15] [INFO ] [PacienteController:48] Le guardo el paciente al cliente 
[2023-06-28 15:44:15] [INFO ] [PacienteService:41] Se guardo al paciente en local
[2023-06-28 15:44:15] [INFO ] [PacienteController:42] Le mostraron los pacientes al cliente 
[2023-06-28 15:44:15] [INFO ] [PacienteService:58] Se mostraron los pacientes en local
[2023-06-28 15:44:41] [INFO ] [PacienteController:48] Le guardo el paciente al cliente 
[2023-06-28 15:44:41] [INFO ] [PacienteService:41] Se guardo al paciente en local
[2023-06-28 15:44:41] [INFO ] [PacienteController:42] Le mostraron los pacientes al cliente 
[2023-06-28 15:44:41] [INFO ] [PacienteService:58] Se mostraron los pacientes en local
[2023-06-28 15:45:16] [INFO ] [PacienteService:47] Se mostro al paciente en local
[2023-06-28 15:45:16] [INFO ] [PacienteController:28] Le mostro el paciente al cliente
[2023-06-28 15:45:38] [INFO ] [PacienteController:53] Le modifico el paciente al cliente
[2023-06-28 15:45:38] [INFO ] [PacienteService:72] Se modifico al paciente en local
[2023-06-28 15:45:38] [INFO ] [PacienteController:42] Le mostraron los pacientes al cliente 
[2023-06-28 15:45:38] [INFO ] [PacienteService:58] Se mostraron los pacientes en local
[2023-06-28 15:45:50] [INFO ] [PacienteService:76] Se elimino al paciente en local
[2023-06-28 15:45:50] [INFO ] [PacienteController:60] Le elimino el paciente al cliente
[2023-06-28 15:47:10] [INFO ] [PacienteController:42] Le mostraron los pacientes al cliente 
[2023-06-28 15:47:10] [INFO ] [PacienteService:58] Se mostraron los pacientes en local
[2023-06-28 15:47:51] [INFO ] [PacienteController:42] Le mostraron los pacientes al cliente 
[2023-06-28 15:47:51] [INFO ] [PacienteService:58] Se mostraron los pacientes en local
[2023-06-28 15:49:58] [INFO ] [PacienteController:42] Le mostraron los pacientes al cliente 
[2023-06-28 15:49:58] [INFO ] [PacienteService:58] Se mostraron los pacientes en local
[2023-06-28 21:35:49] [INFO ] [PacienteController:42] Le mostraron los pacientes al cliente 
[2023-06-28 21:35:49] [INFO ] [PacienteService:58] Se mostraron los pacientes en local
[2023-06-28 21:36:03] [INFO ] [PacienteController:48] Le guardo el paciente al cliente 
[2023-06-28 21:36:03] [INFO ] [PacienteService:41] Se guardo al paciente en local
[2023-06-28 21:36:03] [INFO ] [PacienteController:42] Le mostraron los pacientes al cliente 
[2023-06-28 21:36:03] [INFO ] [PacienteService:58] Se mostraron los pacientes en local
[2023-06-29 22:41:13] [INFO ] [PacienteController:42] Le mostraron los pacientes al cliente 
[2023-06-29 22:41:13] [INFO ] [PacienteService:58] Se mostraron los pacientes en local
[2023-06-29 22:41:29] [INFO ] [PacienteController:48] Le guardo el paciente al cliente 
[2023-06-29 22:41:29] [INFO ] [PacienteService:41] Se guardo al paciente en local
[2023-06-29 22:41:30] [INFO ] [PacienteController:42] Le mostraron los pacientes al cliente 
[2023-06-29 22:41:30] [INFO ] [PacienteService:58] Se mostraron los pacientes en local
[2023-06-29 22:41:52] [INFO ] [PacienteController:48] Le guardo el paciente al cliente 
[2023-06-29 22:41:52] [INFO ] [PacienteService:41] Se guardo al paciente en local
[2023-06-29 22:41:53] [INFO ] [PacienteController:42] Le mostraron los pacientes al cliente 
[2023-06-29 22:41:53] [INFO ] [PacienteService:58] Se mostraron los pacientes en local
[2023-06-29 22:41:59] [INFO ] [OdontologoController:42] Le mostraron los odontologos al cliente
[2023-06-29 22:41:59] [INFO ] [OdontologoService:65] Se mostraron los odontologos en local
[2023-06-29 22:42:07] [INFO ] [OdontologoController:48] Le guardo el odontologo al cliente
[2023-06-29 22:42:07] [INFO ] [OdontologoService:45] Se guardo al odontologo en local
[2023-06-29 22:42:08] [INFO ] [OdontologoController:42] Le mostraron los odontologos al cliente
[2023-06-29 22:42:08] [INFO ] [OdontologoService:65] Se mostraron los odontologos en local
[2023-06-29 22:42:17] [INFO ] [OdontologoController:48] Le guardo el odontologo al cliente
[2023-06-29 22:42:17] [INFO ] [OdontologoService:45] Se guardo al odontologo en local
[2023-06-29 22:42:18] [INFO ] [OdontologoController:42] Le mostraron los odontologos al cliente
[2023-06-29 22:42:18] [INFO ] [OdontologoService:65] Se mostraron los odontologos en local
[2023-06-29 22:47:08] [INFO ] [RegistroDeTurnoController:44] Le mostraron los Turnos al cliente
[2023-06-29 22:47:08] [INFO ] [RegistroDeTurnoService:48] Se mostraron los turnos en local
[2023-06-29 22:51:24] [INFO ] [PacienteController:42] Le mostraron los pacientes al cliente 
[2023-06-29 22:51:24] [INFO ] [PacienteService:58] Se mostraron los pacientes en local
[2023-06-29 22:51:44] [INFO ] [PacienteController:48] Le guardo el paciente al cliente 
[2023-06-29 22:51:44] [INFO ] [PacienteController:42] Le mostraron los pacientes al cliente 
[2023-06-29 22:51:44] [INFO ] [PacienteService:58] Se mostraron los pacientes en local
[2023-06-29 22:51:44] [INFO ] [PacienteService:41] Se guardo al paciente en local
[2023-06-29 22:52:29] [INFO ] [PacienteController:48] Le guardo el paciente al cliente 
[2023-06-29 22:52:29] [INFO ] [PacienteService:41] Se guardo al paciente en local
[2023-06-29 22:52:29] [INFO ] [PacienteController:42] Le mostraron los pacientes al cliente 
[2023-06-29 22:52:29] [INFO ] [PacienteService:58] Se mostraron los pacientes en local
[2023-06-29 22:52:46] [INFO ] [OdontologoController:42] Le mostraron los odontologos al cliente
[2023-06-29 22:52:46] [INFO ] [OdontologoService:65] Se mostraron los odontologos en local
[2023-06-29 22:52:54] [INFO ] [OdontologoController:48] Le guardo el odontologo al cliente
[2023-06-29 22:52:54] [INFO ] [OdontologoService:45] Se guardo al odontologo en local
[2023-06-29 22:52:54] [INFO ] [OdontologoController:42] Le mostraron los odontologos al cliente
[2023-06-29 22:52:54] [INFO ] [OdontologoService:65] Se mostraron los odontologos en local
[2023-06-29 22:53:01] [INFO ] [OdontologoController:48] Le guardo el odontologo al cliente
[2023-06-29 22:53:01] [INFO ] [OdontologoService:45] Se guardo al odontologo en local
[2023-06-29 22:53:01] [INFO ] [OdontologoController:42] Le mostraron los odontologos al cliente
[2023-06-29 22:53:01] [INFO ] [OdontologoService:65] Se mostraron los odontologos en local
[2023-06-29 22:53:04] [INFO ] [RegistroDeTurnoController:44] Le mostraron los Turnos al cliente
[2023-06-29 22:53:04] [INFO ] [RegistroDeTurnoService:48] Se mostraron los turnos en local
[2023-06-29 22:53:19] [INFO ] [RegistroDeTurnoController:50] Le guardo el Turno al cliente
[2023-06-29 22:53:19] [INFO ] [RegistroDeTurnoService:30] Se guardo el turno en local
[2023-06-29 22:53:19] [INFO ] [RegistroDeTurnoController:44] Le mostraron los Turnos al cliente
[2023-06-29 22:53:19] [INFO ] [RegistroDeTurnoService:48] Se mostraron los turnos en local
[2023-06-29 22:53:36] [INFO ] [RegistroDeTurnoController:44] Le mostraron los Turnos al cliente
[2023-06-29 22:53:36] [INFO ] [RegistroDeTurnoService:48] Se mostraron los turnos en local
[2023-06-29 22:54:03] [INFO ] [RegistroDeTurnoController:50] Le guardo el Turno al cliente
[2023-06-29 22:54:03] [INFO ] [RegistroDeTurnoService:30] Se guardo el turno en local
[2023-06-29 22:54:11] [INFO ] [RegistroDeTurnoController:44] Le mostraron los Turnos al cliente
[2023-06-29 22:54:11] [INFO ] [RegistroDeTurnoService:48] Se mostraron los turnos en local
[2023-06-29 22:54:33] [INFO ] [RegistroDeTurnoController:50] Le guardo el Turno al cliente
[2023-06-29 22:54:33] [INFO ] [RegistroDeTurnoService:30] Se guardo el turno en local
[2023-06-29 22:54:33] [INFO ] [RegistroDeTurnoController:44] Le mostraron los Turnos al cliente
[2023-06-29 22:54:34] [INFO ] [RegistroDeTurnoService:48] Se mostraron los turnos en local
[2023-06-29 23:20:32] [INFO ] [PacienteController:42] Le mostraron los pacientes al cliente 
[2023-06-29 23:20:32] [INFO ] [PacienteService:58] Se mostraron los pacientes en local
[2023-06-29 23:20:36] [INFO ] [OdontologoController:42] Le mostraron los odontologos al cliente
[2023-06-29 23:20:36] [INFO ] [OdontologoService:65] Se mostraron los odontologos en local
[2023-06-29 23:20:39] [INFO ] [RegistroDeTurnoController:44] Le mostraron los Turnos al cliente
[2023-06-29 23:20:39] [INFO ] [RegistroDeTurnoService:48] Se mostraron los turnos en local
[2023-06-29 23:20:42] [INFO ] [PacienteController:42] Le mostraron los pacientes al cliente 
[2023-06-29 23:20:42] [INFO ] [PacienteService:58] Se mostraron los pacientes en local
[2023-06-29 23:20:47] [INFO ] [RegistroDeTurnoController:44] Le mostraron los Turnos al cliente
[2023-06-29 23:20:47] [INFO ] [RegistroDeTurnoService:48] Se mostraron los turnos en local
[2023-06-29 23:20:58] [INFO ] [OdontologoController:42] Le mostraron los odontologos al cliente
[2023-06-29 23:20:58] [INFO ] [OdontologoService:65] Se mostraron los odontologos en local
[2023-06-29 23:21:16] [INFO ] [OdontologoController:48] Le guardo el odontologo al cliente
[2023-06-29 23:21:16] [INFO ] [OdontologoService:45] Se guardo al odontologo en local
[2023-06-29 23:21:17] [INFO ] [OdontologoController:42] Le mostraron los odontologos al cliente
[2023-06-29 23:21:17] [INFO ] [OdontologoService:65] Se mostraron los odontologos en local
[2023-06-29 23:21:29] [INFO ] [OdontologoController:48] Le guardo el odontologo al cliente
[2023-06-29 23:21:29] [INFO ] [OdontologoService:45] Se guardo al odontologo en local
[2023-06-29 23:21:29] [INFO ] [OdontologoController:42] Le mostraron los odontologos al cliente
[2023-06-29 23:21:29] [INFO ] [OdontologoService:65] Se mostraron los odontologos en local
[2023-06-29 23:21:43] [INFO ] [PacienteController:42] Le mostraron los pacientes al cliente 
[2023-06-29 23:21:43] [INFO ] [PacienteService:58] Se mostraron los pacientes en local
[2023-06-29 23:21:45] [INFO ] [OdontologoController:42] Le mostraron los odontologos al cliente
[2023-06-29 23:21:45] [INFO ] [OdontologoService:65] Se mostraron los odontologos en local
[2023-06-29 23:21:49] [INFO ] [PacienteController:42] Le mostraron los pacientes al cliente 
[2023-06-29 23:21:49] [INFO ] [PacienteService:58] Se mostraron los pacientes en local
[2023-06-29 23:22:15] [INFO ] [PacienteController:48] Le guardo el paciente al cliente 
[2023-06-29 23:22:15] [INFO ] [PacienteService:41] Se guardo al paciente en local
[2023-06-29 23:22:16] [INFO ] [PacienteController:42] Le mostraron los pacientes al cliente 
[2023-06-29 23:22:16] [INFO ] [PacienteService:58] Se mostraron los pacientes en local
[2023-06-29 23:22:37] [INFO ] [PacienteController:48] Le guardo el paciente al cliente 
[2023-06-29 23:22:37] [INFO ] [PacienteService:41] Se guardo al paciente en local
[2023-06-29 23:22:37] [INFO ] [PacienteController:42] Le mostraron los pacientes al cliente 
[2023-06-29 23:22:37] [INFO ] [PacienteService:58] Se mostraron los pacientes en local
[2023-06-29 23:22:44] [INFO ] [OdontologoController:42] Le mostraron los odontologos al cliente
[2023-06-29 23:22:44] [INFO ] [OdontologoService:65] Se mostraron los odontologos en local
[2023-06-29 23:22:48] [INFO ] [PacienteController:42] Le mostraron los pacientes al cliente 
[2023-06-29 23:22:48] [INFO ] [PacienteService:58] Se mostraron los pacientes en local
[2023-06-29 23:22:55] [INFO ] [PacienteService:76] Se elimino al paciente en local
[2023-06-29 23:22:55] [INFO ] [PacienteController:60] Le elimino el paciente al cliente
[2023-06-29 23:22:59] [INFO ] [OdontologoController:42] Le mostraron los odontologos al cliente
[2023-06-29 23:22:59] [INFO ] [OdontologoService:65] Se mostraron los odontologos en local
[2023-06-29 23:23:01] [INFO ] [PacienteController:42] Le mostraron los pacientes al cliente 
[2023-06-29 23:23:01] [INFO ] [PacienteService:58] Se mostraron los pacientes en local
[2023-06-29 23:23:18] [INFO ] [PacienteController:48] Le guardo el paciente al cliente 
[2023-06-29 23:23:18] [INFO ] [PacienteService:41] Se guardo al paciente en local
[2023-06-29 23:23:18] [INFO ] [PacienteController:42] Le mostraron los pacientes al cliente 
[2023-06-29 23:23:18] [INFO ] [PacienteService:58] Se mostraron los pacientes en local
[2023-06-29 23:23:37] [INFO ] [OdontologoController:42] Le mostraron los odontologos al cliente
[2023-06-29 23:23:37] [INFO ] [OdontologoService:65] Se mostraron los odontologos en local
[2023-06-29 23:23:46] [INFO ] [OdontologoService:54] Se mostro al odontologo en local
[2023-06-29 23:23:46] [INFO ] [OdontologoController:29] Le mostro el odontologo al cliente
[2023-06-29 23:24:15] [INFO ] [OdontologoController:53] Le modifico el odontologo al cliente
[2023-06-29 23:24:15] [INFO ] [OdontologoService:80] Se modifico al odontologo en local
[2023-06-29 23:24:16] [INFO ] [OdontologoController:42] Le mostraron los odontologos al cliente
[2023-06-29 23:24:16] [INFO ] [OdontologoService:65] Se mostraron los odontologos en local
[2023-06-29 23:24:40] [INFO ] [OdontologoService:54] Se mostro al odontologo en local
[2023-06-29 23:24:40] [INFO ] [OdontologoController:29] Le mostro el odontologo al cliente
[2023-06-29 23:27:29] [INFO ] [OdontologoService:54] Se mostro al odontologo en local
[2023-06-29 23:27:29] [INFO ] [OdontologoController:29] Le mostro el odontologo al cliente
[2023-06-29 23:27:31] [INFO ] [OdontologoService:54] Se mostro al odontologo en local
[2023-06-29 23:27:31] [INFO ] [OdontologoController:29] Le mostro el odontologo al cliente
[2023-06-29 23:27:32] [INFO ] [OdontologoService:54] Se mostro al odontologo en local
[2023-06-29 23:27:32] [INFO ] [OdontologoController:29] Le mostro el odontologo al cliente
[2023-06-29 23:27:35] [INFO ] [OdontologoService:54] Se mostro al odontologo en local
[2023-06-29 23:27:35] [INFO ] [OdontologoController:29] Le mostro el odontologo al cliente
[2023-06-29 23:27:36] [INFO ] [OdontologoService:54] Se mostro al odontologo en local
[2023-06-29 23:27:36] [INFO ] [OdontologoController:29] Le mostro el odontologo al cliente
[2023-06-29 23:27:37] [INFO ] [OdontologoService:54] Se mostro al odontologo en local
[2023-06-29 23:27:37] [INFO ] [OdontologoController:29] Le mostro el odontologo al cliente
[2023-06-29 23:27:38] [INFO ] [OdontologoService:54] Se mostro al odontologo en local
[2023-06-29 23:27:38] [INFO ] [OdontologoController:29] Le mostro el odontologo al cliente
[2023-06-29 23:27:41] [INFO ] [OdontologoService:54] Se mostro al odontologo en local
[2023-06-29 23:27:41] [INFO ] [OdontologoController:29] Le mostro el odontologo al cliente
[2023-06-29 23:27:56] [INFO ] [OdontologoController:48] Le guardo el odontologo al cliente
[2023-06-29 23:27:56] [INFO ] [OdontologoService:45] Se guardo al odontologo en local
[2023-06-29 23:27:57] [INFO ] [OdontologoController:42] Le mostraron los odontologos al cliente
[2023-06-29 23:27:57] [INFO ] [OdontologoService:65] Se mostraron los odontologos en local
[2023-06-29 23:28:02] [INFO ] [OdontologoService:54] Se mostro al odontologo en local
[2023-06-29 23:28:02] [INFO ] [OdontologoController:29] Le mostro el odontologo al cliente
[2023-06-29 23:28:09] [INFO ] [OdontologoService:54] Se mostro al odontologo en local
[2023-06-29 23:28:09] [INFO ] [OdontologoController:29] Le mostro el odontologo al cliente
[2023-06-29 23:28:10] [INFO ] [OdontologoService:54] Se mostro al odontologo en local
[2023-06-29 23:28:10] [INFO ] [OdontologoController:29] Le mostro el odontologo al cliente
[2023-06-29 23:28:11] [INFO ] [OdontologoService:54] Se mostro al odontologo en local
[2023-06-29 23:28:11] [INFO ] [OdontologoController:29] Le mostro el odontologo al cliente
[2023-06-29 23:28:12] [INFO ] [OdontologoService:54] Se mostro al odontologo en local
[2023-06-29 23:28:12] [INFO ] [OdontologoController:29] Le mostro el odontologo al cliente
[2023-06-29 23:28:21] [INFO ] [OdontologoService:54] Se mostro al odontologo en local
[2023-06-29 23:28:21] [INFO ] [OdontologoController:29] Le mostro el odontologo al cliente
[2023-06-29 23:28:21] [INFO ] [OdontologoService:54] Se mostro al odontologo en local
[2023-06-29 23:28:21] [INFO ] [OdontologoController:29] Le mostro el odontologo al cliente
[2023-06-29 23:28:22] [INFO ] [OdontologoService:54] Se mostro al odontologo en local
[2023-06-29 23:28:22] [INFO ] [OdontologoController:29] Le mostro el odontologo al cliente
[2023-06-29 23:51:58] [INFO ] [OdontologoController:42] Le mostraron los odontologos al cliente
[2023-06-29 23:51:58] [INFO ] [OdontologoService:65] Se mostraron los odontologos en local
[2023-06-29 23:52:07] [INFO ] [OdontologoController:48] Le guardo el odontologo al cliente
[2023-06-29 23:52:07] [INFO ] [OdontologoService:45] Se guardo al odontologo en local
[2023-06-29 23:52:08] [INFO ] [OdontologoController:42] Le mostraron los odontologos al cliente
[2023-06-29 23:52:08] [INFO ] [OdontologoService:65] Se mostraron los odontologos en local
[2023-06-29 23:52:19] [INFO ] [OdontologoController:48] Le guardo el odontologo al cliente
[2023-06-29 23:52:19] [INFO ] [OdontologoService:45] Se guardo al odontologo en local
[2023-06-29 23:52:20] [INFO ] [OdontologoController:42] Le mostraron los odontologos al cliente
[2023-06-29 23:52:20] [INFO ] [OdontologoService:65] Se mostraron los odontologos en local
[2023-06-29 23:52:24] [INFO ] [OdontologoService:54] Se mostro al odontologo en local
[2023-06-29 23:52:24] [INFO ] [OdontologoController:29] Le mostro el odontologo al cliente
[2023-06-29 23:52:41] [INFO ] [OdontologoController:53] Le modifico el odontologo al cliente
[2023-06-29 23:52:41] [INFO ] [OdontologoService:80] Se modifico al odontologo en local
[2023-06-29 23:52:42] [INFO ] [OdontologoController:42] Le mostraron los odontologos al cliente
[2023-06-29 23:52:42] [INFO ] [OdontologoService:65] Se mostraron los odontologos en local
[2023-06-29 23:53:19] [INFO ] [OdontologoService:54] Se mostro al odontologo en local
[2023-06-29 23:53:19] [INFO ] [OdontologoController:29] Le mostro el odontologo al cliente
[2023-06-29 23:53:20] [INFO ] [OdontologoService:54] Se mostro al odontologo en local
[2023-06-29 23:53:20] [INFO ] [OdontologoController:29] Le mostro el odontologo al cliente
[2023-06-29 23:53:20] [INFO ] [OdontologoService:54] Se mostro al odontologo en local
[2023-06-29 23:53:20] [INFO ] [OdontologoController:29] Le mostro el odontologo al cliente
[2023-06-29 23:53:21] [INFO ] [OdontologoService:54] Se mostro al odontologo en local
[2023-06-29 23:53:21] [INFO ] [OdontologoController:29] Le mostro el odontologo al cliente
[2023-06-29 23:53:22] [INFO ] [OdontologoService:54] Se mostro al odontologo en local
[2023-06-29 23:53:22] [INFO ] [OdontologoController:29] Le mostro el odontologo al cliente
[2023-06-29 23:53:22] [INFO ] [OdontologoService:54] Se mostro al odontologo en local
[2023-06-29 23:53:22] [INFO ] [OdontologoController:29] Le mostro el odontologo al cliente
[2023-06-29 23:53:23] [INFO ] [OdontologoService:54] Se mostro al odontologo en local
[2023-06-29 23:53:23] [INFO ] [OdontologoController:29] Le mostro el odontologo al cliente
[2023-06-29 23:53:24] [INFO ] [OdontologoService:54] Se mostro al odontologo en local
[2023-06-29 23:53:24] [INFO ] [OdontologoController:29] Le mostro el odontologo al cliente
[2023-06-29 23:59:51] [INFO ] [OdontologoController:42] Le mostraron los odontologos al cliente
[2023-06-29 23:59:51] [INFO ] [OdontologoService:65] Se mostraron los odontologos en local
[2023-06-29 23:59:58] [INFO ] [OdontologoController:48] Le guardo el odontologo al cliente
[2023-06-29 23:59:58] [INFO ] [OdontologoService:45] Se guardo al odontologo en local
[2023-06-29 23:59:59] [INFO ] [OdontologoController:42] Le mostraron los odontologos al cliente
[2023-06-29 23:59:59] [INFO ] [OdontologoService:65] Se mostraron los odontologos en local
[2023-06-30 00:00:00] [INFO ] [OdontologoService:54] Se mostro al odontologo en local
[2023-06-30 00:00:00] [INFO ] [OdontologoController:29] Le mostro el odontologo al cliente
[2023-06-30 00:00:12] [INFO ] [OdontologoController:53] Le modifico el odontologo al cliente
[2023-06-30 00:00:12] [INFO ] [OdontologoService:80] Se modifico al odontologo en local
[2023-06-30 00:00:13] [INFO ] [OdontologoController:42] Le mostraron los odontologos al cliente
[2023-06-30 00:00:13] [INFO ] [OdontologoService:65] Se mostraron los odontologos en local
[2023-06-30 00:00:18] [INFO ] [OdontologoService:54] Se mostro al odontologo en local
[2023-06-30 00:00:18] [INFO ] [OdontologoController:29] Le mostro el odontologo al cliente
[2023-06-30 00:08:32] [INFO ] [OdontologoController:42] Le mostraron los odontologos al cliente
[2023-06-30 00:08:32] [INFO ] [OdontologoService:65] Se mostraron los odontologos en local
[2023-06-30 00:08:41] [INFO ] [OdontologoController:48] Le guardo el odontologo al cliente
[2023-06-30 00:08:41] [INFO ] [OdontologoService:45] Se guardo al odontologo en local
[2023-06-30 00:08:41] [INFO ] [OdontologoController:42] Le mostraron los odontologos al cliente
[2023-06-30 00:08:41] [INFO ] [OdontologoService:65] Se mostraron los odontologos en local
[2023-06-30 00:13:17] [INFO ] [OdontologoController:42] Le mostraron los odontologos al cliente
[2023-06-30 00:13:17] [INFO ] [OdontologoService:65] Se mostraron los odontologos en local
[2023-06-30 00:13:34] [INFO ] [OdontologoController:48] Le guardo el odontologo al cliente
[2023-06-30 00:13:34] [INFO ] [OdontologoService:45] Se guardo al odontologo en local
[2023-06-30 00:13:34] [INFO ] [OdontologoController:42] Le mostraron los odontologos al cliente
[2023-06-30 00:13:34] [INFO ] [OdontologoService:65] Se mostraron los odontologos en local
[2023-06-30 00:13:37] [INFO ] [OdontologoService:54] Se mostro al odontologo en local
[2023-06-30 00:13:37] [INFO ] [OdontologoController:29] Le mostro el odontologo al cliente
[2023-06-30 00:13:46] [INFO ] [OdontologoController:53] Le modifico el odontologo al cliente
[2023-06-30 00:13:46] [INFO ] [OdontologoService:80] Se modifico al odontologo en local
[2023-06-30 00:13:47] [INFO ] [OdontologoController:42] Le mostraron los odontologos al cliente
[2023-06-30 00:13:47] [INFO ] [OdontologoService:65] Se mostraron los odontologos en local
[2023-06-30 00:14:27] [INFO ] [OdontologoController:42] Le mostraron los odontologos al cliente
[2023-06-30 00:14:27] [INFO ] [OdontologoService:65] Se mostraron los odontologos en local
[2023-06-30 00:14:36] [INFO ] [OdontologoService:54] Se mostro al odontologo en local
[2023-06-30 00:14:36] [INFO ] [OdontologoController:29] Le mostro el odontologo al cliente
[2023-06-30 00:15:10] [INFO ] [OdontologoController:53] Le modifico el odontologo al cliente
[2023-06-30 00:15:10] [INFO ] [OdontologoService:80] Se modifico al odontologo en local
[2023-06-30 00:15:10] [INFO ] [OdontologoController:42] Le mostraron los odontologos al cliente
[2023-06-30 00:15:10] [INFO ] [OdontologoService:65] Se mostraron los odontologos en local
[2023-07-02 17:20:02] [INFO ] [PacienteController:42] Le mostraron los pacientes al cliente 
[2023-07-02 17:20:02] [INFO ] [PacienteService:58] Se mostraron los pacientes en local
[2023-07-02 17:20:08] [INFO ] [OdontologoController:42] Le mostraron los odontologos al cliente
[2023-07-02 17:20:08] [INFO ] [OdontologoService:65] Se mostraron los odontologos en local
[2023-07-02 17:20:13] [INFO ] [OdontologoController:48] Le guardo el odontologo al cliente
[2023-07-02 17:20:13] [INFO ] [OdontologoService:45] Se guardo al odontologo en local
[2023-07-02 17:20:13] [INFO ] [OdontologoController:42] Le mostraron los odontologos al cliente
[2023-07-02 17:20:13] [INFO ] [OdontologoService:65] Se mostraron los odontologos en local
[2023-07-02 17:20:21] [INFO ] [OdontologoController:48] Le guardo el odontologo al cliente
[2023-07-02 17:20:21] [INFO ] [OdontologoService:45] Se guardo al odontologo en local
[2023-07-02 17:20:21] [INFO ] [OdontologoController:42] Le mostraron los odontologos al cliente
[2023-07-02 17:20:21] [INFO ] [OdontologoService:65] Se mostraron los odontologos en local
[2023-07-02 17:20:23] [INFO ] [OdontologoService:54] Se mostro al odontologo en local
[2023-07-02 17:20:23] [INFO ] [OdontologoController:29] Le mostro el odontologo al cliente
[2023-07-02 17:20:31] [INFO ] [OdontologoService:54] Se mostro al odontologo en local
[2023-07-02 17:20:31] [INFO ] [OdontologoController:29] Le mostro el odontologo al cliente
[2023-07-02 17:20:31] [INFO ] [OdontologoService:54] Se mostro al odontologo en local
[2023-07-02 17:20:31] [INFO ] [OdontologoController:29] Le mostro el odontologo al cliente
[2023-07-02 17:20:32] [INFO ] [OdontologoService:54] Se mostro al odontologo en local
[2023-07-02 17:20:32] [INFO ] [OdontologoController:29] Le mostro el odontologo al cliente
[2023-07-02 17:20:32] [INFO ] [OdontologoService:54] Se mostro al odontologo en local
[2023-07-02 17:20:32] [INFO ] [OdontologoController:29] Le mostro el odontologo al cliente
[2023-07-02 17:20:33] [INFO ] [OdontologoService:54] Se mostro al odontologo en local
[2023-07-02 17:20:33] [INFO ] [OdontologoController:29] Le mostro el odontologo al cliente
[2023-07-02 17:21:28] [INFO ] [OdontologoController:42] Le mostraron los odontologos al cliente
[2023-07-02 17:21:28] [INFO ] [OdontologoService:65] Se mostraron los odontologos en local
[2023-07-02 17:21:35] [INFO ] [OdontologoController:48] Le guardo el odontologo al cliente
[2023-07-02 17:21:35] [INFO ] [OdontologoService:45] Se guardo al odontologo en local
[2023-07-02 17:21:35] [INFO ] [OdontologoController:42] Le mostraron los odontologos al cliente
[2023-07-02 17:21:35] [INFO ] [OdontologoService:65] Se mostraron los odontologos en local
[2023-07-02 17:21:37] [INFO ] [OdontologoService:54] Se mostro al odontologo en local
[2023-07-02 17:21:37] [INFO ] [OdontologoController:29] Le mostro el odontologo al cliente
[2023-07-02 18:41:01] [INFO ] [OdontologoController:42] Le mostraron los odontologos al cliente
[2023-07-02 18:41:01] [INFO ] [OdontologoService:65] Se mostraron los odontologos en local
[2023-07-02 18:41:09] [INFO ] [OdontologoController:48] Le guardo el odontologo al cliente
[2023-07-02 18:41:09] [INFO ] [OdontologoService:45] Se guardo al odontologo en local
[2023-07-02 18:41:09] [INFO ] [OdontologoController:42] Le mostraron los odontologos al cliente
[2023-07-02 18:41:09] [INFO ] [OdontologoService:65] Se mostraron los odontologos en local
[2023-07-02 18:41:12] [INFO ] [OdontologoService:54] Se mostro al odontologo en local
[2023-07-02 18:41:12] [INFO ] [OdontologoController:29] Le mostro el odontologo al cliente
[2023-07-02 18:41:26] [INFO ] [OdontologoController:53] Le modifico el odontologo al cliente
[2023-07-02 18:41:26] [INFO ] [OdontologoController:42] Le mostraron los odontologos al cliente
[2023-07-02 18:41:26] [INFO ] [OdontologoService:65] Se mostraron los odontologos en local
[2023-07-02 18:41:40] [INFO ] [OdontologoService:54] Se mostro al odontologo en local
[2023-07-02 18:41:40] [INFO ] [OdontologoController:29] Le mostro el odontologo al cliente
[2023-07-02 18:43:42] [INFO ] [OdontologoController:42] Le mostraron los odontologos al cliente
[2023-07-02 18:43:42] [INFO ] [OdontologoService:65] Se mostraron los odontologos en local
[2023-07-02 18:43:47] [INFO ] [OdontologoController:48] Le guardo el odontologo al cliente
[2023-07-02 18:43:47] [INFO ] [OdontologoService:45] Se guardo al odontologo en local
[2023-07-02 18:43:47] [INFO ] [OdontologoController:42] Le mostraron los odontologos al cliente
[2023-07-02 18:43:47] [INFO ] [OdontologoService:65] Se mostraron los odontologos en local
[2023-07-02 18:43:52] [INFO ] [OdontologoController:48] Le guardo el odontologo al cliente
[2023-07-02 18:43:52] [INFO ] [OdontologoService:45] Se guardo al odontologo en local
[2023-07-02 18:43:53] [INFO ] [OdontologoController:42] Le mostraron los odontologos al cliente
[2023-07-02 18:43:53] [INFO ] [OdontologoService:65] Se mostraron los odontologos en local
[2023-07-02 18:43:54] [INFO ] [OdontologoService:54] Se mostro al odontologo en local
[2023-07-02 18:43:54] [INFO ] [OdontologoController:29] Le mostro el odontologo al cliente
[2023-07-02 18:44:06] [INFO ] [OdontologoController:53] Le modifico el odontologo al cliente
[2023-07-02 18:44:06] [INFO ] [OdontologoService:80] Se modifico al odontologo en local
[2023-07-02 18:44:06] [INFO ] [OdontologoController:42] Le mostraron los odontologos al cliente
[2023-07-02 18:44:06] [INFO ] [OdontologoService:65] Se mostraron los odontologos en local
[2023-07-02 18:44:21] [INFO ] [OdontologoService:54] Se mostro al odontologo en local
[2023-07-02 18:44:21] [INFO ] [OdontologoController:29] Le mostro el odontologo al cliente
[2023-07-02 18:44:23] [INFO ] [OdontologoService:54] Se mostro al odontologo en local
[2023-07-02 18:44:23] [INFO ] [OdontologoController:29] Le mostro el odontologo al cliente
[2023-07-02 18:44:23] [INFO ] [OdontologoService:54] Se mostro al odontologo en local
[2023-07-02 18:44:23] [INFO ] [OdontologoController:29] Le mostro el odontologo al cliente
[2023-07-02 18:44:24] [INFO ] [OdontologoService:54] Se mostro al odontologo en local
[2023-07-02 18:44:24] [INFO ] [OdontologoController:29] Le mostro el odontologo al cliente
[2023-07-02 18:44:24] [INFO ] [OdontologoService:54] Se mostro al odontologo en local
[2023-07-02 18:44:24] [INFO ] [OdontologoController:29] Le mostro el odontologo al cliente
[2023-07-02 18:44:38] [INFO ] [OdontologoController:53] Le modifico el odontologo al cliente
[2023-07-02 18:44:38] [INFO ] [OdontologoService:80] Se modifico al odontologo en local
[2023-07-02 18:44:38] [INFO ] [OdontologoController:42] Le mostraron los odontologos al cliente
[2023-07-02 18:44:38] [INFO ] [OdontologoService:65] Se mostraron los odontologos en local
[2023-07-02 18:44:41] [INFO ] [OdontologoService:88] Se elimino al odontologo en local
[2023-07-02 18:44:41] [INFO ] [OdontologoController:60] Se elimino al Odontologo
[2023-07-02 19:06:33] [INFO ] [PacienteController:42] Le mostraron los pacientes al cliente 
[2023-07-02 19:06:34] [INFO ] [PacienteService:58] Se mostraron los pacientes en local
[2023-07-02 19:06:46] [INFO ] [PacienteController:48] Le guardo el paciente al cliente 
[2023-07-02 19:06:46] [INFO ] [PacienteService:41] Se guardo al paciente en local
[2023-07-02 19:06:46] [INFO ] [PacienteController:42] Le mostraron los pacientes al cliente 
[2023-07-02 19:06:46] [INFO ] [PacienteService:58] Se mostraron los pacientes en local
[2023-07-02 19:07:08] [INFO ] [PacienteController:48] Le guardo el paciente al cliente 
[2023-07-02 19:07:08] [INFO ] [PacienteService:41] Se guardo al paciente en local
[2023-07-02 19:07:09] [INFO ] [PacienteController:42] Le mostraron los pacientes al cliente 
[2023-07-02 19:07:09] [INFO ] [PacienteService:58] Se mostraron los pacientes en local
[2023-07-02 19:07:11] [INFO ] [PacienteService:47] Se mostro al paciente en local
[2023-07-02 19:07:11] [INFO ] [PacienteController:28] Le mostro el paciente al cliente
[2023-07-02 19:07:35] [INFO ] [PacienteController:53] Le modifico el paciente al cliente
[2023-07-02 19:07:35] [INFO ] [PacienteService:72] Se modifico al paciente en local
[2023-07-02 19:07:35] [INFO ] [PacienteController:42] Le mostraron los pacientes al cliente 
[2023-07-02 19:07:35] [INFO ] [PacienteService:58] Se mostraron los pacientes en local
[2023-07-02 19:12:29] [INFO ] [OdontologoController:42] Le mostraron los odontologos al cliente
[2023-07-02 19:12:29] [INFO ] [OdontologoService:65] Se mostraron los odontologos en local
[2023-07-02 19:12:36] [INFO ] [OdontologoController:48] Le guardo el odontologo al cliente
[2023-07-02 19:12:36] [INFO ] [OdontologoService:45] Se guardo al odontologo en local
[2023-07-02 19:12:36] [INFO ] [OdontologoController:42] Le mostraron los odontologos al cliente
[2023-07-02 19:12:36] [INFO ] [OdontologoService:65] Se mostraron los odontologos en local
[2023-07-02 19:12:42] [INFO ] [OdontologoController:48] Le guardo el odontologo al cliente
[2023-07-02 19:12:42] [INFO ] [OdontologoService:45] Se guardo al odontologo en local
[2023-07-02 19:12:42] [INFO ] [OdontologoController:42] Le mostraron los odontologos al cliente
[2023-07-02 19:12:42] [INFO ] [OdontologoService:65] Se mostraron los odontologos en local
[2023-07-02 19:12:44] [INFO ] [OdontologoService:54] Se mostro al odontologo en local
[2023-07-02 19:12:44] [INFO ] [OdontologoController:29] Le mostro el odontologo al cliente
[2023-07-02 19:12:59] [INFO ] [OdontologoController:53] Le modifico el odontologo al cliente
[2023-07-02 19:12:59] [INFO ] [OdontologoService:80] Se modifico al odontologo en local
[2023-07-02 19:12:59] [INFO ] [OdontologoController:42] Le mostraron los odontologos al cliente
[2023-07-02 19:12:59] [INFO ] [OdontologoService:65] Se mostraron los odontologos en local
[2023-07-02 19:13:02] [INFO ] [PacienteController:42] Le mostraron los pacientes al cliente 
[2023-07-02 19:13:02] [INFO ] [PacienteService:58] Se mostraron los pacientes en local
[2023-07-02 19:13:05] [INFO ] [OdontologoController:42] Le mostraron los odontologos al cliente
[2023-07-02 19:13:05] [INFO ] [OdontologoService:65] Se mostraron los odontologos en local
[2023-07-02 19:13:07] [INFO ] [PacienteController:42] Le mostraron los pacientes al cliente 
[2023-07-02 19:13:07] [INFO ] [PacienteService:58] Se mostraron los pacientes en local
[2023-07-02 19:13:26] [INFO ] [PacienteController:48] Le guardo el paciente al cliente 
[2023-07-02 19:13:26] [INFO ] [PacienteService:41] Se guardo al paciente en local
[2023-07-02 19:13:26] [INFO ] [PacienteController:42] Le mostraron los pacientes al cliente 
[2023-07-02 19:13:26] [INFO ] [PacienteService:58] Se mostraron los pacientes en local
[2023-07-02 19:13:42] [INFO ] [PacienteController:48] Le guardo el paciente al cliente 
[2023-07-02 19:13:42] [INFO ] [PacienteService:41] Se guardo al paciente en local
[2023-07-02 19:13:42] [INFO ] [PacienteController:42] Le mostraron los pacientes al cliente 
[2023-07-02 19:13:42] [INFO ] [PacienteService:58] Se mostraron los pacientes en local
[2023-07-02 19:13:45] [INFO ] [PacienteService:47] Se mostro al paciente en local
[2023-07-02 19:13:45] [INFO ] [PacienteController:28] Le mostro el paciente al cliente
[2023-07-02 19:21:15] [INFO ] [PacienteController:42] Le mostraron los pacientes al cliente 
[2023-07-02 19:21:15] [INFO ] [PacienteService:58] Se mostraron los pacientes en local
[2023-07-02 19:21:23] [INFO ] [PacienteController:48] Le guardo el paciente al cliente 
[2023-07-02 19:21:23] [INFO ] [PacienteService:41] Se guardo al paciente en local
[2023-07-02 19:21:24] [INFO ] [PacienteController:42] Le mostraron los pacientes al cliente 
[2023-07-02 19:21:24] [INFO ] [PacienteService:58] Se mostraron los pacientes en local
[2023-07-02 19:21:25] [INFO ] [PacienteService:47] Se mostro al paciente en local
[2023-07-02 19:21:25] [INFO ] [PacienteController:28] Le mostro el paciente al cliente
[2023-07-02 19:21:58] [INFO ] [PacienteController:42] Le mostraron los pacientes al cliente 
[2023-07-02 19:21:58] [INFO ] [PacienteService:58] Se mostraron los pacientes en local
[2023-07-02 19:22:00] [INFO ] [PacienteService:47] Se mostro al paciente en local
[2023-07-02 19:22:00] [INFO ] [PacienteController:28] Le mostro el paciente al cliente
[2023-07-02 19:23:21] [INFO ] [PacienteController:42] Le mostraron los pacientes al cliente 
[2023-07-02 19:23:21] [INFO ] [PacienteService:58] Se mostraron los pacientes en local
[2023-07-02 19:23:39] [INFO ] [PacienteController:42] Le mostraron los pacientes al cliente 
[2023-07-02 19:23:39] [INFO ] [PacienteService:58] Se mostraron los pacientes en local
[2023-07-02 19:23:47] [INFO ] [PacienteController:42] Le mostraron los pacientes al cliente 
[2023-07-02 19:23:47] [INFO ] [PacienteService:58] Se mostraron los pacientes en local
[2023-07-02 19:23:49] [INFO ] [PacienteController:42] Le mostraron los pacientes al cliente 
[2023-07-02 19:23:49] [INFO ] [PacienteService:58] Se mostraron los pacientes en local
[2023-07-02 19:23:51] [INFO ] [PacienteController:42] Le mostraron los pacientes al cliente 
[2023-07-02 19:23:51] [INFO ] [PacienteService:58] Se mostraron los pacientes en local
[2023-07-02 19:24:06] [INFO ] [OdontologoController:42] Le mostraron los odontologos al cliente
[2023-07-02 19:24:06] [INFO ] [OdontologoService:65] Se mostraron los odontologos en local
[2023-07-02 19:24:22] [INFO ] [OdontologoController:48] Le guardo el odontologo al cliente
[2023-07-02 19:24:22] [INFO ] [OdontologoController:42] Le mostraron los odontologos al cliente
[2023-07-02 19:24:22] [INFO ] [OdontologoService:65] Se mostraron los odontologos en local
[2023-07-02 19:24:22] [INFO ] [OdontologoService:45] Se guardo al odontologo en local
[2023-07-02 19:24:35] [INFO ] [OdontologoController:48] Le guardo el odontologo al cliente
[2023-07-02 19:24:35] [INFO ] [OdontologoService:45] Se guardo al odontologo en local
[2023-07-02 19:24:35] [INFO ] [OdontologoController:42] Le mostraron los odontologos al cliente
[2023-07-02 19:24:35] [INFO ] [OdontologoService:65] Se mostraron los odontologos en local
[2023-07-02 19:24:39] [INFO ] [OdontologoService:54] Se mostro al odontologo en local
[2023-07-02 19:24:39] [INFO ] [OdontologoController:29] Le mostro el odontologo al cliente
[2023-07-02 19:24:46] [INFO ] [OdontologoController:53] Le modifico el odontologo al cliente
[2023-07-02 19:24:46] [INFO ] [OdontologoService:80] Se modifico al odontologo en local
[2023-07-02 19:24:46] [INFO ] [OdontologoController:42] Le mostraron los odontologos al cliente
[2023-07-02 19:24:46] [INFO ] [OdontologoService:65] Se mostraron los odontologos en local
[2023-07-02 19:25:16] [INFO ] [PacienteController:42] Le mostraron los pacientes al cliente 
[2023-07-02 19:25:16] [INFO ] [PacienteService:58] Se mostraron los pacientes en local
[2023-07-02 19:25:33] [INFO ] [PacienteController:48] Le guardo el paciente al cliente 
[2023-07-02 19:25:33] [INFO ] [PacienteService:41] Se guardo al paciente en local
[2023-07-02 19:25:34] [INFO ] [PacienteController:42] Le mostraron los pacientes al cliente 
[2023-07-02 19:25:34] [INFO ] [PacienteService:58] Se mostraron los pacientes en local
[2023-07-02 19:25:48] [INFO ] [PacienteController:48] Le guardo el paciente al cliente 
[2023-07-02 19:25:48] [INFO ] [PacienteService:41] Se guardo al paciente en local
[2023-07-02 19:25:49] [INFO ] [PacienteController:42] Le mostraron los pacientes al cliente 
[2023-07-02 19:25:49] [INFO ] [PacienteService:58] Se mostraron los pacientes en local
[2023-07-02 19:25:52] [INFO ] [PacienteService:47] Se mostro al paciente en local
[2023-07-02 19:25:52] [INFO ] [PacienteController:28] Le mostro el paciente al cliente
[2023-07-02 19:26:19] [INFO ] [PacienteController:53] Le modifico el paciente al cliente
[2023-07-02 19:26:19] [INFO ] [PacienteService:72] Se modifico al paciente en local
[2023-07-02 19:26:20] [INFO ] [PacienteController:42] Le mostraron los pacientes al cliente 
[2023-07-02 19:26:20] [INFO ] [PacienteService:58] Se mostraron los pacientes en local
[2023-07-02 19:26:29] [INFO ] [RegistroDeTurnoController:44] Le mostraron los Turnos al cliente
[2023-07-02 19:26:29] [INFO ] [RegistroDeTurnoService:48] Se mostraron los turnos en local
[2023-07-02 19:26:50] [INFO ] [RegistroDeTurnoController:50] Le guardo el Turno al cliente
[2023-07-02 19:26:50] [INFO ] [RegistroDeTurnoService:30] Se guardo el turno en local
[2023-07-02 19:26:50] [INFO ] [RegistroDeTurnoController:44] Le mostraron los Turnos al cliente
[2023-07-02 19:26:50] [INFO ] [RegistroDeTurnoService:48] Se mostraron los turnos en local
[2023-07-02 19:27:38] [INFO ] [UsuarioController:46] Le mostraron los usuarios al cliente
[2023-07-02 19:27:38] [INFO ] [UsuarioService:49] Se mostraron los usuarios en local
[2023-07-02 19:27:56] [INFO ] [UsuarioController:46] Le mostraron los usuarios al cliente
[2023-07-02 19:27:56] [INFO ] [UsuarioService:49] Se mostraron los usuarios en local
[2023-07-02 19:32:45] [INFO ] [UsuarioController:46] Le mostraron los usuarios al cliente
[2023-07-02 19:32:45] [INFO ] [UsuarioService:49] Se mostraron los usuarios en local
[2023-07-02 19:33:02] [INFO ] [UsuarioController:52] Le guardo el usuario al cliente
[2023-07-02 19:33:02] [INFO ] [UsuarioController:46] Le mostraron los usuarios al cliente
[2023-07-02 19:33:02] [INFO ] [UsuarioService:49] Se mostraron los usuarios en local
[2023-07-02 19:33:02] [INFO ] [UsuarioService:31] Se guardo el usuario en local
[2023-07-02 19:36:57] [INFO ] [OdontologoController:42] Le mostraron los odontologos al cliente
[2023-07-02 19:36:57] [INFO ] [OdontologoService:65] Se mostraron los odontologos en local
[2023-07-02 19:37:06] [INFO ] [OdontologoController:48] Le guardo el odontologo al cliente
[2023-07-02 19:37:06] [INFO ] [OdontologoService:45] Se guardo al odontologo en local
[2023-07-02 19:37:06] [INFO ] [OdontologoController:42] Le mostraron los odontologos al cliente
[2023-07-02 19:37:06] [INFO ] [OdontologoService:65] Se mostraron los odontologos en local
[2023-07-02 19:37:09] [INFO ] [PacienteController:42] Le mostraron los pacientes al cliente 
[2023-07-02 19:37:09] [INFO ] [PacienteService:58] Se mostraron los pacientes en local
[2023-07-02 19:37:19] [INFO ] [PacienteController:48] Le guardo el paciente al cliente 
[2023-07-02 19:37:19] [INFO ] [PacienteService:41] Se guardo al paciente en local
[2023-07-02 19:37:19] [INFO ] [PacienteController:42] Le mostraron los pacientes al cliente 
[2023-07-02 19:37:19] [INFO ] [PacienteService:58] Se mostraron los pacientes en local
[2023-07-02 19:37:22] [INFO ] [OdontologoController:42] Le mostraron los odontologos al cliente
[2023-07-02 19:37:22] [INFO ] [OdontologoService:65] Se mostraron los odontologos en local
[2023-07-02 19:37:24] [INFO ] [PacienteController:42] Le mostraron los pacientes al cliente 
[2023-07-02 19:37:24] [INFO ] [PacienteService:58] Se mostraron los pacientes en local
[2023-07-02 19:37:25] [INFO ] [OdontologoController:42] Le mostraron los odontologos al cliente
[2023-07-02 19:37:25] [INFO ] [OdontologoService:65] Se mostraron los odontologos en local
[2023-07-02 19:37:27] [INFO ] [PacienteController:42] Le mostraron los pacientes al cliente 
[2023-07-02 19:37:27] [INFO ] [PacienteService:58] Se mostraron los pacientes en local
[2023-07-02 19:37:29] [INFO ] [RegistroDeTurnoController:44] Le mostraron los Turnos al cliente
[2023-07-02 19:37:29] [INFO ] [RegistroDeTurnoService:48] Se mostraron los turnos en local
[2023-07-02 19:37:41] [INFO ] [RegistroDeTurnoController:50] Le guardo el Turno al cliente
[2023-07-02 19:37:41] [INFO ] [RegistroDeTurnoService:30] Se guardo el turno en local
[2023-07-02 19:37:42] [INFO ] [RegistroDeTurnoController:44] Le mostraron los Turnos al cliente
[2023-07-02 19:37:42] [INFO ] [RegistroDeTurnoService:48] Se mostraron los turnos en local
[2023-07-02 19:37:44] [INFO ] [UsuarioController:46] Le mostraron los usuarios al cliente
[2023-07-02 19:37:44] [INFO ] [UsuarioService:49] Se mostraron los usuarios en local
[2023-07-02 19:38:28] [INFO ] [UsuarioController:52] Le guardo el usuario al cliente
[2023-07-02 19:38:28] [INFO ] [UsuarioService:31] Se guardo el usuario en local
[2023-07-02 19:38:28] [INFO ] [UsuarioController:46] Le mostraron los usuarios al cliente
[2023-07-02 19:38:28] [INFO ] [UsuarioService:49] Se mostraron los usuarios en local
[2023-07-02 19:38:38] [INFO ] [UsuarioService:37] Se mostro el usuario en local
[2023-07-02 19:38:38] [INFO ] [UsuarioController:32] Le mostro el usuario al cliente
[2023-07-02 19:38:45] [INFO ] [UsuarioService:37] Se mostro el usuario en local
[2023-07-02 19:38:45] [INFO ] [UsuarioController:32] Le mostro el usuario al cliente
[2023-07-02 19:38:51] [INFO ] [RegistroDeTurnoController:44] Le mostraron los Turnos al cliente
[2023-07-02 19:38:51] [INFO ] [RegistroDeTurnoService:48] Se mostraron los turnos en local
[2023-07-02 19:38:52] [INFO ] [OdontologoController:42] Le mostraron los odontologos al cliente
[2023-07-02 19:38:52] [INFO ] [OdontologoService:65] Se mostraron los odontologos en local
[2023-07-02 19:38:53] [INFO ] [OdontologoService:54] Se mostro al odontologo en local
[2023-07-02 19:38:53] [INFO ] [OdontologoController:29] Le mostro el odontologo al cliente
[2023-07-02 19:38:55] [INFO ] [PacienteController:42] Le mostraron los pacientes al cliente 
[2023-07-02 19:38:55] [INFO ] [PacienteService:58] Se mostraron los pacientes en local
[2023-07-02 19:38:56] [INFO ] [PacienteService:47] Se mostro al paciente en local
[2023-07-02 19:38:56] [INFO ] [PacienteController:28] Le mostro el paciente al cliente
[2023-07-02 19:38:58] [INFO ] [UsuarioController:46] Le mostraron los usuarios al cliente
[2023-07-02 19:38:58] [INFO ] [UsuarioService:49] Se mostraron los usuarios en local
[2023-07-02 19:38:59] [INFO ] [UsuarioService:37] Se mostro el usuario en local
[2023-07-02 19:38:59] [INFO ] [UsuarioController:32] Le mostro el usuario al cliente
[2023-07-02 19:42:49] [INFO ] [UsuarioController:46] Le mostraron los usuarios al cliente
[2023-07-02 19:42:49] [INFO ] [UsuarioService:49] Se mostraron los usuarios en local
[2023-07-02 19:43:05] [INFO ] [UsuarioController:52] Le guardo el usuario al cliente
[2023-07-02 19:43:05] [INFO ] [UsuarioController:46] Le mostraron los usuarios al cliente
[2023-07-02 19:43:05] [INFO ] [UsuarioService:49] Se mostraron los usuarios en local
[2023-07-02 19:43:05] [INFO ] [UsuarioService:31] Se guardo el usuario en local
[2023-07-02 19:43:09] [INFO ] [UsuarioController:46] Le mostraron los usuarios al cliente
[2023-07-02 19:43:09] [INFO ] [UsuarioService:49] Se mostraron los usuarios en local
[2023-07-02 19:43:12] [INFO ] [UsuarioController:46] Le mostraron los usuarios al cliente
[2023-07-02 19:43:12] [INFO ] [UsuarioService:49] Se mostraron los usuarios en local
[2023-07-02 19:43:13] [INFO ] [UsuarioController:46] Le mostraron los usuarios al cliente
[2023-07-02 19:43:13] [INFO ] [UsuarioService:49] Se mostraron los usuarios en local
[2023-07-02 19:43:20] [INFO ] [UsuarioService:37] Se mostro el usuario en local
[2023-07-02 19:43:20] [INFO ] [UsuarioController:32] Le mostro el usuario al cliente
[2023-07-02 19:43:39] [INFO ] [UsuarioController:57] Le modifico el usuario al cliente
[2023-07-02 19:43:39] [INFO ] [UsuarioService:54] Se modifico el usuario en local
[2023-07-02 19:43:39] [INFO ] [UsuarioController:46] Le mostraron los usuarios al cliente
[2023-07-02 19:43:39] [INFO ] [UsuarioService:49] Se mostraron los usuarios en local
[2023-07-02 19:43:45] [INFO ] [RegistroDeTurnoController:44] Le mostraron los Turnos al cliente
[2023-07-02 19:43:45] [INFO ] [RegistroDeTurnoService:48] Se mostraron los turnos en local
[2023-07-02 19:45:04] [INFO ] [RegistroDeTurnoController:50] Le guardo el Turno al cliente
[2023-07-02 19:45:04] [INFO ] [RegistroDeTurnoController:44] Le mostraron los Turnos al cliente
[2023-07-02 19:45:04] [INFO ] [RegistroDeTurnoService:48] Se mostraron los turnos en local
[2023-07-02 19:45:07] [INFO ] [RegistroDeTurnoController:44] Le mostraron los Turnos al cliente
[2023-07-02 19:45:07] [INFO ] [RegistroDeTurnoService:48] Se mostraron los turnos en local
[2023-07-02 19:45:08] [INFO ] [RegistroDeTurnoController:44] Le mostraron los Turnos al cliente
[2023-07-02 19:45:08] [INFO ] [RegistroDeTurnoService:48] Se mostraron los turnos en local
[2023-07-02 19:45:16] [INFO ] [RegistroDeTurnoController:44] Le mostraron los Turnos al cliente
[2023-07-02 19:45:16] [INFO ] [RegistroDeTurnoService:48] Se mostraron los turnos en local
[2023-07-02 19:45:59] [INFO ] [RegistroDeTurnoController:50] Le guardo el Turno al cliente
[2023-07-02 19:46:00] [INFO ] [RegistroDeTurnoController:44] Le mostraron los Turnos al cliente
[2023-07-02 19:46:00] [INFO ] [RegistroDeTurnoService:48] Se mostraron los turnos en local
[2023-07-02 19:46:10] [INFO ] [RegistroDeTurnoController:50] Le guardo el Turno al cliente
[2023-07-02 19:46:10] [INFO ] [RegistroDeTurnoController:44] Le mostraron los Turnos al cliente
[2023-07-02 19:46:10] [INFO ] [RegistroDeTurnoService:48] Se mostraron los turnos en local
[2023-07-02 20:04:16] [INFO ] [OdontologoController:42] Le mostraron los odontologos al cliente
[2023-07-02 20:04:16] [INFO ] [OdontologoService:65] Se mostraron los odontologos en local
[2023-07-02 20:04:23] [INFO ] [OdontologoController:48] Le guardo el odontologo al cliente
[2023-07-02 20:04:23] [INFO ] [OdontologoController:42] Le mostraron los odontologos al cliente
[2023-07-02 20:04:23] [INFO ] [OdontologoService:65] Se mostraron los odontologos en local
[2023-07-02 20:04:23] [INFO ] [OdontologoService:45] Se guardo al odontologo en local
[2023-07-02 20:04:33] [INFO ] [OdontologoController:48] Le guardo el odontologo al cliente
[2023-07-02 20:04:33] [INFO ] [OdontologoService:45] Se guardo al odontologo en local
[2023-07-02 20:04:33] [INFO ] [OdontologoController:42] Le mostraron los odontologos al cliente
[2023-07-02 20:04:33] [INFO ] [OdontologoService:65] Se mostraron los odontologos en local
[2023-07-02 20:04:36] [INFO ] [PacienteController:42] Le mostraron los pacientes al cliente 
[2023-07-02 20:04:36] [INFO ] [PacienteService:58] Se mostraron los pacientes en local
[2023-07-02 20:04:52] [INFO ] [PacienteController:48] Le guardo el paciente al cliente 
[2023-07-02 20:04:52] [INFO ] [PacienteService:41] Se guardo al paciente en local
[2023-07-02 20:04:52] [INFO ] [PacienteController:42] Le mostraron los pacientes al cliente 
[2023-07-02 20:04:52] [INFO ] [PacienteService:58] Se mostraron los pacientes en local
[2023-07-02 20:05:16] [INFO ] [PacienteController:48] Le guardo el paciente al cliente 
[2023-07-02 20:05:16] [INFO ] [PacienteService:41] Se guardo al paciente en local
[2023-07-02 20:05:16] [INFO ] [PacienteController:42] Le mostraron los pacientes al cliente 
[2023-07-02 20:05:16] [INFO ] [PacienteService:58] Se mostraron los pacientes en local
[2023-07-02 20:05:19] [INFO ] [RegistroDeTurnoController:44] Le mostraron los Turnos al cliente
[2023-07-02 20:05:19] [INFO ] [RegistroDeTurnoService:48] Se mostraron los turnos en local
[2023-07-02 20:05:30] [INFO ] [RegistroDeTurnoController:50] Le guardo el Turno al cliente
[2023-07-02 20:05:30] [INFO ] [RegistroDeTurnoService:30] Se guardo el turno en local
[2023-07-02 20:05:30] [INFO ] [RegistroDeTurnoController:44] Le mostraron los Turnos al cliente
[2023-07-02 20:05:30] [INFO ] [RegistroDeTurnoService:48] Se mostraron los turnos en local
[2023-07-02 20:05:54] [INFO ] [RegistroDeTurnoController:44] Le mostraron los Turnos al cliente
[2023-07-02 20:05:54] [INFO ] [RegistroDeTurnoService:48] Se mostraron los turnos en local
[2023-07-02 20:05:56] [INFO ] [RegistroDeTurnoController:44] Le mostraron los Turnos al cliente
[2023-07-02 20:05:56] [INFO ] [RegistroDeTurnoService:48] Se mostraron los turnos en local
[2023-07-02 20:05:57] [INFO ] [RegistroDeTurnoController:44] Le mostraron los Turnos al cliente
[2023-07-02 20:05:57] [INFO ] [RegistroDeTurnoService:48] Se mostraron los turnos en local
[2023-07-02 20:05:57] [INFO ] [RegistroDeTurnoController:44] Le mostraron los Turnos al cliente
[2023-07-02 20:05:57] [INFO ] [RegistroDeTurnoService:48] Se mostraron los turnos en local
[2023-07-02 20:05:58] [INFO ] [RegistroDeTurnoController:44] Le mostraron los Turnos al cliente
[2023-07-02 20:05:58] [INFO ] [RegistroDeTurnoService:48] Se mostraron los turnos en local
[2023-07-02 20:06:06] [INFO ] [RegistroDeTurnoController:44] Le mostraron los Turnos al cliente
[2023-07-02 20:06:06] [INFO ] [RegistroDeTurnoService:48] Se mostraron los turnos en local
[2023-07-02 20:06:38] [INFO ] [RegistroDeTurnoService:37] Se mostro el turno en local
[2023-07-02 20:06:38] [INFO ] [RegistroDeTurnoController:31] Le mostro el turno al cliente
[2023-07-02 20:06:43] [INFO ] [RegistroDeTurnoController:55] Le modifico el Turno al cliente
[2023-07-02 20:06:43] [INFO ] [RegistroDeTurnoService:54] Se modifico el turno en local
[2023-07-02 20:06:43] [INFO ] [RegistroDeTurnoController:44] Le mostraron los Turnos al cliente
[2023-07-02 20:06:43] [INFO ] [RegistroDeTurnoService:48] Se mostraron los turnos en local
[2023-07-02 22:15:49] [INFO ] [PacienteController:48] Le guardo el paciente al cliente 
[2023-07-02 22:15:49] [INFO ] [PacienteService:41] Se guardo al paciente en local
[2023-07-02 22:15:54] [INFO ] [OdontologoController:48] Le guardo el odontologo al cliente
[2023-07-02 22:15:54] [INFO ] [OdontologoService:45] Se guardo al odontologo en local
[2023-07-02 22:16:08] [INFO ] [RegistroDeTurnoController:50] Le guardo el Turno al cliente
[2023-07-02 22:16:08] [INFO ] [RegistroDeTurnoService:30] Se guardo el turno en local
[2023-07-02 22:16:22] [INFO ] [RegistroDeTurnoController:44] Le mostraron los Turnos al cliente
[2023-07-02 22:16:22] [INFO ] [RegistroDeTurnoService:48] Se mostraron los turnos en local
[2023-07-02 22:16:47] [INFO ] [RegistroDeTurnoController:44] Le mostraron los Turnos al cliente
[2023-07-02 22:16:47] [INFO ] [RegistroDeTurnoService:48] Se mostraron los turnos en local
[2023-07-02 22:17:32] [INFO ] [RegistroDeTurnoController:50] Le guardo el Turno al cliente
[2023-07-02 22:17:32] [INFO ] [RegistroDeTurnoService:30] Se guardo el turno en local
[2023-07-02 22:17:33] [INFO ] [RegistroDeTurnoController:44] Le mostraron los Turnos al cliente
[2023-07-02 22:17:33] [INFO ] [RegistroDeTurnoService:48] Se mostraron los turnos en local
[2023-07-02 22:17:57] [INFO ] [RegistroDeTurnoController:50] Le guardo el Turno al cliente
[2023-07-02 22:17:57] [INFO ] [RegistroDeTurnoService:30] Se guardo el turno en local
[2023-07-02 22:17:57] [INFO ] [RegistroDeTurnoController:44] Le mostraron los Turnos al cliente
[2023-07-02 22:17:57] [INFO ] [RegistroDeTurnoService:48] Se mostraron los turnos en local
[2023-07-02 22:18:23] [INFO ] [RegistroDeTurnoController:44] Le mostraron los Turnos al cliente
[2023-07-02 22:18:23] [INFO ] [RegistroDeTurnoService:48] Se mostraron los turnos en local
[2023-07-03 01:09:02] [INFO ] [OdontologoService:54] Se mostro al odontologo en local
[2023-07-03 01:10:27] [INFO ] [OdontologoService:57] Se mostro al odontologo en local
[2023-07-03 15:22:27] [INFO ] [OdontologoController:48] Le guardo el odontologo al cliente
[2023-07-03 15:22:27] [INFO ] [OdontologoService:48] Se guardo al odontologo en local
[2023-07-03 15:54:38] [INFO ] [PacienteController:48] Le guardo el paciente al cliente 
[2023-07-03 16:59:13] [INFO ] [PacienteService:41] Se guardo al paciente en local
[2023-07-03 16:59:13] [INFO ] [PacienteService:47] Se mostro al paciente en local
[2023-07-03 18:41:44] [INFO ] [PacienteService:41] Se guardo al paciente en local
[2023-07-03 18:41:44] [INFO ] [PacienteService:47] Se mostro al paciente en local
[2023-07-03 20:05:25] [INFO ] [PacienteController:42] Le mostraron los pacientes al cliente 
[2023-07-03 20:05:25] [INFO ] [PacienteService:58] Se mostraron los pacientes en local
[2023-07-03 20:05:27] [INFO ] [OdontologoController:42] Le mostraron los odontologos al cliente
[2023-07-03 20:05:27] [INFO ] [OdontologoService:68] Se mostraron los odontologos en local
[2023-07-03 20:05:29] [INFO ] [RegistroDeTurnoController:44] Le mostraron los Turnos al cliente
[2023-07-03 20:05:29] [INFO ] [RegistroDeTurnoService:48] Se mostraron los turnos en local
[2023-07-03 20:05:30] [INFO ] [UsuarioController:46] Le mostraron los usuarios al cliente
[2023-07-03 20:05:30] [INFO ] [UsuarioService:49] Se mostraron los usuarios en local
[2023-07-03 20:05:32] [INFO ] [PacienteController:42] Le mostraron los pacientes al cliente 
[2023-07-03 20:05:32] [INFO ] [PacienteService:58] Se mostraron los pacientes en local
[2023-07-03 20:05:34] [INFO ] [RegistroDeTurnoController:44] Le mostraron los Turnos al cliente
[2023-07-03 20:05:34] [INFO ] [RegistroDeTurnoService:48] Se mostraron los turnos en local
[2023-07-03 20:05:38] [INFO ] [OdontologoController:42] Le mostraron los odontologos al cliente
[2023-07-03 20:05:38] [INFO ] [OdontologoService:68] Se mostraron los odontologos en local
[2023-07-03 20:05:42] [INFO ] [OdontologoController:48] Le guardo el odontologo al cliente
[2023-07-03 20:05:43] [INFO ] [OdontologoService:48] Se guardo al odontologo en local
[2023-07-03 20:05:43] [INFO ] [OdontologoController:42] Le mostraron los odontologos al cliente
[2023-07-03 20:05:43] [INFO ] [OdontologoService:68] Se mostraron los odontologos en local
[2023-07-03 20:05:45] [INFO ] [OdontologoService:57] Se mostro al odontologo en local
[2023-07-03 20:05:45] [INFO ] [OdontologoController:29] Le mostro el odontologo al cliente
[2023-07-03 20:05:53] [INFO ] [OdontologoController:53] Le modifico el odontologo al cliente
[2023-07-03 20:05:53] [INFO ] [OdontologoService:83] Se modifico al odontologo en local
[2023-07-03 20:05:53] [INFO ] [OdontologoController:42] Le mostraron los odontologos al cliente
[2023-07-03 20:05:53] [INFO ] [OdontologoService:68] Se mostraron los odontologos en local
[2023-07-03 20:05:57] [INFO ] [RegistroDeTurnoController:44] Le mostraron los Turnos al cliente
[2023-07-03 20:05:57] [INFO ] [RegistroDeTurnoService:48] Se mostraron los turnos en local
[2023-07-03 20:05:59] [INFO ] [OdontologoController:42] Le mostraron los odontologos al cliente
[2023-07-03 20:05:59] [INFO ] [OdontologoService:68] Se mostraron los odontologos en local
[2023-07-03 20:06:02] [INFO ] [PacienteController:42] Le mostraron los pacientes al cliente 
[2023-07-03 20:06:02] [INFO ] [PacienteService:58] Se mostraron los pacientes en local
[2023-07-03 20:06:13] [INFO ] [PacienteController:48] Le guardo el paciente al cliente 
[2023-07-03 20:06:14] [INFO ] [PacienteService:41] Se guardo al paciente en local
[2023-07-03 20:06:14] [INFO ] [PacienteController:42] Le mostraron los pacientes al cliente 
[2023-07-03 20:06:14] [INFO ] [PacienteService:58] Se mostraron los pacientes en local
[2023-07-03 20:06:15] [INFO ] [PacienteService:47] Se mostro al paciente en local
[2023-07-03 20:06:15] [INFO ] [PacienteController:28] Le mostro el paciente al cliente
[2023-07-03 20:06:28] [INFO ] [PacienteController:53] Le modifico el paciente al cliente
[2023-07-03 20:06:28] [INFO ] [PacienteService:72] Se modifico al paciente en local
[2023-07-03 20:06:29] [INFO ] [PacienteController:42] Le mostraron los pacientes al cliente 
[2023-07-03 20:06:29] [INFO ] [PacienteService:58] Se mostraron los pacientes en local
[2023-07-03 20:06:31] [INFO ] [RegistroDeTurnoController:44] Le mostraron los Turnos al cliente
[2023-07-03 20:06:31] [INFO ] [RegistroDeTurnoService:48] Se mostraron los turnos en local
[2023-07-03 20:06:46] [INFO ] [RegistroDeTurnoController:50] Le guardo el Turno al cliente
[2023-07-03 20:06:46] [INFO ] [RegistroDeTurnoService:30] Se guardo el turno en local
[2023-07-03 20:06:46] [INFO ] [RegistroDeTurnoController:44] Le mostraron los Turnos al cliente
[2023-07-03 20:06:46] [INFO ] [RegistroDeTurnoService:48] Se mostraron los turnos en local
[2023-07-03 20:06:51] [INFO ] [RegistroDeTurnoService:37] Se mostro el turno en local
[2023-07-03 20:06:51] [INFO ] [RegistroDeTurnoController:31] Le mostro el turno al cliente
[2023-07-03 20:07:05] [INFO ] [RegistroDeTurnoController:55] Le modifico el Turno al cliente
[2023-07-03 20:07:05] [INFO ] [RegistroDeTurnoService:54] Se modifico el turno en local
[2023-07-03 20:07:06] [INFO ] [RegistroDeTurnoController:44] Le mostraron los Turnos al cliente
[2023-07-03 20:07:06] [INFO ] [RegistroDeTurnoService:48] Se mostraron los turnos en local
[2023-07-03 20:07:15] [INFO ] [UsuarioController:46] Le mostraron los usuarios al cliente
[2023-07-03 20:07:15] [INFO ] [UsuarioService:49] Se mostraron los usuarios en local
[2023-07-03 20:10:57] [INFO ] [PacienteService:37] Se guardo al paciente en local
[2023-07-03 20:10:57] [INFO ] [PacienteService:43] Se mostro al paciente en local
[2023-07-03 20:22:48] [INFO ] [PacienteService:37] Se guardo al paciente en local
[2023-07-03 20:22:48] [INFO ] [PacienteService:43] Se mostro al paciente en local
[2023-07-03 20:23:12] [INFO ] [PacienteController:48] Le guardo el paciente al cliente 
[2023-07-03 20:23:13] [INFO ] [PacienteService:37] Se guardo al paciente en local
[2023-07-03 20:23:27] [INFO ] [PacienteController:48] Le guardo el paciente al cliente 
[2023-07-03 20:23:27] [INFO ] [PacienteService:37] Se guardo al paciente en local
[2023-07-03 20:25:56] [INFO ] [OdontologoController:46] Le guardo el odontologo al cliente
[2023-07-03 20:30:51] [INFO ] [OdontologoController:46] Le guardo el odontologo al cliente
[2023-07-03 20:30:51] [INFO ] [OdontologoService:46] Se guardo al odontologo en local
[2023-07-03 20:31:01] [INFO ] [OdontologoController:46] Le guardo el odontologo al cliente
[2023-07-03 20:31:01] [INFO ] [OdontologoService:46] Se guardo al odontologo en local
[2023-07-03 20:31:07] [INFO ] [OdontologoController:46] Le guardo el odontologo al cliente
[2023-07-03 20:31:07] [INFO ] [OdontologoService:46] Se guardo al odontologo en local
[2023-07-03 20:31:16] [INFO ] [OdontologoController:46] Le guardo el odontologo al cliente
[2023-07-03 20:31:16] [INFO ] [OdontologoService:46] Se guardo al odontologo en local
[2023-07-03 20:36:45] [INFO ] [OdontologoController:46] Le guardo el odontologo al cliente
[2023-07-03 20:36:45] [INFO ] [OdontologoService:46] Se guardo al odontologo en local
[2023-07-03 20:36:45] [INFO ] [OdontologoService:53] Se guardo al odontologo en local
[2023-07-03 20:36:52] [INFO ] [OdontologoController:46] Le guardo el odontologo al cliente
[2023-07-03 20:36:52] [INFO ] [OdontologoService:46] Se guardo al odontologo en local
[2023-07-03 20:36:56] [INFO ] [OdontologoController:46] Le guardo el odontologo al cliente
[2023-07-03 20:36:56] [INFO ] [OdontologoService:46] Se guardo al odontologo en local
[2023-07-03 20:36:59] [INFO ] [OdontologoController:46] Le guardo el odontologo al cliente
[2023-07-03 20:36:59] [INFO ] [OdontologoService:46] Se guardo al odontologo en local
[2023-07-03 20:36:59] [INFO ] [OdontologoService:53] Se guardo al odontologo en local
[2023-07-03 20:37:23] [INFO ] [OdontologoController:46] Le guardo el odontologo al cliente
[2023-07-03 20:37:23] [INFO ] [OdontologoService:46] Se guardo al odontologo en local
[2023-07-03 20:39:25] [INFO ] [PacienteController:48] Le guardo el paciente al cliente 
[2023-07-03 20:39:25] [INFO ] [PacienteService:37] Se guardo al paciente en local
[2023-07-03 20:42:14] [INFO ] [PacienteController:48] Le guardo el paciente al cliente 
[2023-07-03 20:42:49] [INFO ] [PacienteController:48] Le guardo el paciente al cliente 
[2023-07-03 20:45:39] [INFO ] [PacienteController:48] Le guardo el paciente al cliente 
[2023-07-03 20:47:26] [INFO ] [PacienteController:48] Le guardo el paciente al cliente 
[2023-07-03 20:47:38] [INFO ] [PacienteController:48] Le guardo el paciente al cliente 
[2023-07-03 20:47:38] [INFO ] [PacienteService:39] Se guardo al paciente en local
[2023-07-03 21:06:17] [INFO ] [PacienteController:48] Le guardo el paciente al cliente 
[2023-07-03 21:06:17] [INFO ] [PacienteService:39] Se guardo al paciente en local
[2023-07-03 21:06:22] [INFO ] [PacienteController:48] Le guardo el paciente al cliente 
[2023-07-03 21:06:27] [INFO ] [PacienteController:48] Le guardo el paciente al cliente 
[2023-07-03 21:06:30] [INFO ] [PacienteController:48] Le guardo el paciente al cliente 
[2023-07-03 21:06:30] [INFO ] [PacienteService:39] Se guardo al paciente en local
[2023-07-03 21:06:58] [INFO ] [PacienteController:48] Le guardo el paciente al cliente 
[2023-07-03 21:06:58] [INFO ] [PacienteService:39] Se guardo al paciente en local
[2023-07-03 21:22:38] [INFO ] [PacienteController:48] Le guardo el paciente al cliente 
[2023-07-03 21:22:38] [INFO ] [PacienteService:40] Se guardo al paciente en local
[2023-07-03 21:22:38] [INFO ] [PacienteService:47] Se guardo al paciente en local
[2023-07-03 21:22:56] [INFO ] [PacienteController:48] Le guardo el paciente al cliente 
[2023-07-03 21:22:56] [INFO ] [PacienteService:40] Se guardo al paciente en local
[2023-07-03 21:22:56] [INFO ] [PacienteService:47] Se guardo al paciente en local
[2023-07-03 21:23:00] [INFO ] [PacienteController:48] Le guardo el paciente al cliente 
[2023-07-03 21:23:00] [INFO ] [PacienteService:40] Se guardo al paciente en local
[2023-07-03 21:23:00] [INFO ] [PacienteService:47] Se guardo al paciente en local
[2023-07-03 21:23:00] [INFO ] [PacienteService:54] Se guardo al paciente en local
[2023-07-03 21:23:05] [INFO ] [PacienteController:48] Le guardo el paciente al cliente 
[2023-07-03 21:33:53] [INFO ] [PacienteController:48] Le guardo el paciente al cliente 
[2023-07-03 21:33:54] [INFO ] [PacienteService:40] Se guardo al paciente en local
[2023-07-03 21:33:54] [INFO ] [PacienteService:47] Se guardo al paciente en local
[2023-07-03 21:33:54] [INFO ] [PacienteService:54] Se guardo al paciente en local
[2023-07-03 21:34:06] [INFO ] [OdontologoController:46] Le guardo el odontologo al cliente
[2023-07-03 21:34:06] [INFO ] [OdontologoService:46] Se guardo al odontologo en local
[2023-07-03 21:34:06] [INFO ] [OdontologoService:53] Se guardo al odontologo en local
[2023-07-03 21:34:17] [INFO ] [RegistroDeTurnoController:47] Le guardo el Turno al cliente
[2023-07-03 21:34:29] [INFO ] [RegistroDeTurnoController:47] Le guardo el Turno al cliente
[2023-07-03 21:34:29] [INFO ] [RegistroDeTurnoService:33] Se guardo el turno en local
[2023-07-03 21:37:35] [INFO ] [PacienteController:48] Le guardo el paciente al cliente 
[2023-07-03 21:37:35] [INFO ] [PacienteService:40] Se guardo al paciente en local
[2023-07-03 21:37:35] [INFO ] [PacienteService:47] Se guardo al paciente en local
[2023-07-03 21:37:35] [INFO ] [PacienteService:54] Se guardo al paciente en local
[2023-07-03 21:37:43] [INFO ] [OdontologoController:46] Le guardo el odontologo al cliente
[2023-07-03 21:37:43] [INFO ] [OdontologoService:46] Se guardo al odontologo en local
[2023-07-03 21:37:43] [INFO ] [OdontologoService:53] Se guardo al odontologo en local
[2023-07-03 21:37:50] [INFO ] [RegistroDeTurnoController:47] Le guardo el Turno al cliente
[2023-07-03 21:37:50] [INFO ] [RegistroDeTurnoService:34] Se guardo el turno en local
[2023-07-03 21:37:59] [INFO ] [RegistroDeTurnoController:47] Le guardo el Turno al cliente
[2023-07-03 21:37:59] [INFO ] [RegistroDeTurnoService:34] Se guardo el turno en local
[2023-07-03 21:37:59] [INFO ] [RegistroDeTurnoService:41] Se guardo al turno en local
[2023-07-03 21:48:12] [INFO ] [PacienteController:48] Le guardo el paciente al cliente 
[2023-07-03 21:48:12] [INFO ] [PacienteService:40] Se guardo al paciente en local
[2023-07-03 21:48:12] [INFO ] [PacienteService:47] Se guardo al paciente en local
[2023-07-03 21:48:12] [INFO ] [PacienteService:54] Se guardo al paciente en local
[2023-07-03 21:48:12] [INFO ] [PacienteService:61] Se guardo al paciente en local
[2023-07-03 21:48:42] [INFO ] [OdontologoController:46] Le guardo el odontologo al cliente
[2023-07-03 21:48:42] [INFO ] [OdontologoService:46] Se guardo al odontologo en local
[2023-07-03 21:48:42] [INFO ] [OdontologoService:53] Se guardo al odontologo en local
[2023-07-03 21:48:48] [INFO ] [PacienteController:48] Le guardo el paciente al cliente 
[2023-07-03 21:48:48] [INFO ] [PacienteService:40] Se guardo al paciente en local
[2023-07-03 21:48:48] [INFO ] [PacienteService:47] Se guardo al paciente en local
[2023-07-03 21:48:48] [INFO ] [PacienteService:54] Se guardo al paciente en local
[2023-07-03 21:48:48] [INFO ] [PacienteService:61] Se guardo al paciente en local
[2023-07-03 21:49:27] [INFO ] [PacienteController:48] Le guardo el paciente al cliente 
[2023-07-03 21:49:35] [INFO ] [PacienteController:48] Le guardo el paciente al cliente 
[2023-07-03 21:49:35] [INFO ] [PacienteService:40] Se guardo al paciente en local
[2023-07-03 21:49:35] [INFO ] [PacienteService:47] Se guardo al paciente en local
[2023-07-03 21:49:35] [INFO ] [PacienteService:54] Se guardo al paciente en local
[2023-07-03 21:49:35] [INFO ] [PacienteService:61] Se guardo al paciente en local
[2023-07-05 16:36:39] [INFO ] [PacienteController:48] Le guardo el paciente al cliente 
[2023-07-05 16:36:56] [INFO ] [PacienteController:48] Le guardo el paciente al cliente 
[2023-07-05 16:37:13] [INFO ] [PacienteController:48] Le guardo el paciente al cliente 
[2023-07-05 16:37:27] [INFO ] [PacienteController:48] Le guardo el paciente al cliente 
[2023-07-05 16:37:44] [INFO ] [OdontologoController:46] Le guardo el odontologo al cliente
[2023-07-05 16:37:58] [INFO ] [OdontologoController:46] Le guardo el odontologo al cliente
[2023-07-05 16:38:10] [INFO ] [PacienteController:48] Le guardo el paciente al cliente 
[2023-07-05 16:40:13] [INFO ] [PacienteController:48] Le guardo el paciente al cliente 
[2023-07-05 16:40:18] [INFO ] [OdontologoController:46] Le guardo el odontologo al cliente
[2023-07-05 16:41:18] [INFO ] [OdontologoController:46] Le guardo el odontologo al cliente
[2023-07-05 16:41:19] [INFO ] [OdontologoService:46] Se guardo al odontologo en local
[2023-07-05 16:41:19] [INFO ] [OdontologoService:53] Se guardo al odontologo en local
[2023-07-05 16:41:46] [INFO ] [PacienteController:48] Le guardo el paciente al cliente 
[2023-07-05 16:41:46] [INFO ] [PacienteService:40] Se guardo al paciente en local
[2023-07-05 16:41:46] [INFO ] [PacienteService:47] Se guardo al paciente en local
[2023-07-05 16:41:47] [INFO ] [PacienteService:54] Se guardo al paciente en local
[2023-07-05 16:42:13] [INFO ] [RegistroDeTurnoController:47] Le guardo el Turno al cliente
[2023-07-05 16:42:13] [INFO ] [RegistroDeTurnoService:34] Se guardo el turno en local
[2023-07-05 16:42:13] [INFO ] [RegistroDeTurnoService:41] Se guardo al turno en local
[2023-07-05 16:42:26] [INFO ] [PacienteController:42] Le mostraron los pacientes al cliente 
[2023-07-05 16:42:27] [INFO ] [PacienteService:75] Se mostraron los pacientes en local
[2023-07-05 16:42:35] [INFO ] [OdontologoController:40] Le mostraron los odontologos al cliente
[2023-07-05 16:42:35] [INFO ] [OdontologoService:74] Se mostraron los odontologos en local
[2023-07-05 16:42:42] [INFO ] [RegistroDeTurnoController:41] Le mostraron los Turnos al cliente
[2023-07-05 16:42:42] [INFO ] [RegistroDeTurnoService:63] Se mostraron los turnos en local
[2023-07-05 16:43:00] [INFO ] [UsuarioController:48] Le guardo el usuario al cliente
[2023-07-05 16:43:00] [INFO ] [UsuarioService:28] Se guardo el usuario en local
[2023-07-05 16:43:08] [INFO ] [UsuarioController:42] Le mostraron los usuarios al cliente
[2023-07-05 16:43:08] [INFO ] [UsuarioService:46] Se mostraron los usuarios en local
[2023-07-05 17:12:43] [INFO ] [RegistroDeTurnoController:47] Le guardo el Turno al cliente
[2023-07-05 17:12:44] [INFO ] [RegistroDeTurnoService:34] Se guardo el turno en local
[2023-07-05 17:12:44] [INFO ] [RegistroDeTurnoService:41] Se guardo al turno en local
[2023-07-05 17:12:49] [INFO ] [UsuarioController:48] Le guardo el usuario al cliente
[2023-07-05 17:12:49] [INFO ] [UsuarioService:28] Se guardo el usuario en local
[2023-07-11 12:58:52] [INFO ] [OdontologoController:46] Le guardo el odontologo al cliente
[2023-07-11 12:58:53] [INFO ] [OdontologoService:46] Se guardo al odontologo en local
[2023-07-11 12:58:53] [INFO ] [OdontologoService:53] Se guardo al odontologo en local
[2023-07-11 12:58:59] [INFO ] [OdontologoController:46] Le guardo el odontologo al cliente
[2023-07-11 12:58:59] [INFO ] [OdontologoService:46] Se guardo al odontologo en local
[2023-07-11 13:01:47] [INFO ] [OdontologoController:46] Le guardo el odontologo al cliente
[2023-07-11 13:01:47] [INFO ] [OdontologoService:46] Se guardo al odontologo en local
